<?xml version="1.0" encoding="UTF-8"?>
<testsuite xmlns:xsi="http://www.w3.org/2001/XMLSchema-instance" xsi:noNamespaceSchemaLocation="https://maven.apache.org/surefire/maven-failsafe-plugin/xsd/failsafe-test-report-3.0.xsd" version="3.0" name="testRunners.MyTestRunners" time="185.074" tests="0" errors="0" skipped="0" failures="0">
  <properties>
    <property name="java.specification.version" value="16"/>
    <property name="sun.jnu.encoding" value="UTF-8"/>
    <property name="java.class.path" value="/Users/bishnuprasadpanda/Documents/SCVenture/SCV_UIAutomation/target/test-classes:/Users/bishnuprasadpanda/Documents/SCVenture/SCV_UIAutomation/target/SCV_UIAutomation-0.0.1-SNAPSHOT.jar:/Users/bishnuprasadpanda/.m2/repository/io/cucumber/cucumber-java/6.9.0/cucumber-java-6.9.0.jar:/Users/bishnuprasadpanda/.m2/repository/io/cucumber/cucumber-core/6.9.0/cucumber-core-6.9.0.jar:/Users/bishnuprasadpanda/.m2/repository/io/cucumber/cucumber-gherkin/6.9.0/cucumber-gherkin-6.9.0.jar:/Users/bishnuprasadpanda/.m2/repository/io/cucumber/cucumber-gherkin-messages/6.9.0/cucumber-gherkin-messages-6.9.0.jar:/Users/bishnuprasadpanda/.m2/repository/io/cucumber/messages/13.2.0/messages-13.2.0.jar:/Users/bishnuprasadpanda/.m2/repository/io/cucumber/tag-expressions/3.0.0/tag-expressions-3.0.0.jar:/Users/bishnuprasadpanda/.m2/repository/io/cucumber/cucumber-expressions/10.3.0/cucumber-expressions-10.3.0.jar:/Users/bishnuprasadpanda/.m2/repository/io/cucumber/datatable/3.5.0/datatable-3.5.0.jar:/Users/bishnuprasadpanda/.m2/repository/io/cucumber/cucumber-plugin/6.9.0/cucumber-plugin-6.9.0.jar:/Users/bishnuprasadpanda/.m2/repository/io/cucumber/docstring/6.9.0/docstring-6.9.0.jar:/Users/bishnuprasadpanda/.m2/repository/io/cucumber/html-formatter/9.0.0/html-formatter-9.0.0.jar:/Users/bishnuprasadpanda/.m2/repository/io/cucumber/create-meta/2.0.4/create-meta-2.0.4.jar:/Users/bishnuprasadpanda/.m2/repository/org/apiguardian/apiguardian-api/1.1.0/apiguardian-api-1.1.0.jar:/Users/bishnuprasadpanda/.m2/repository/io/cucumber/cucumber-junit/6.9.0/cucumber-junit-6.9.0.jar:/Users/bishnuprasadpanda/.m2/repository/junit/junit/4.13.1/junit-4.13.1.jar:/Users/bishnuprasadpanda/.m2/repository/org/hamcrest/hamcrest-core/1.3/hamcrest-core-1.3.jar:/Users/bishnuprasadpanda/.m2/repository/tech/grasshopper/extentreports-cucumber6-adapter/2.8.1/extentreports-cucumber6-adapter-2.8.1.jar:/Users/bishnuprasadpanda/.m2/repository/com/aventstack/extentreports/5.0.6/extentreports-5.0.6.jar:/Users/bishnuprasadpanda/.m2/repository/io/reactivex/rxjava3/rxjava/3.0.4/rxjava-3.0.4.jar:/Users/bishnuprasadpanda/.m2/repository/org/reactivestreams/reactive-streams/1.0.3/reactive-streams-1.0.3.jar:/Users/bishnuprasadpanda/.m2/repository/org/freemarker/freemarker/2.3.30/freemarker-2.3.30.jar:/Users/bishnuprasadpanda/.m2/repository/tech/grasshopper/extent-pdf-report/1.7.1/extent-pdf-report-1.7.1.jar:/Users/bishnuprasadpanda/.m2/repository/tech/grasshopper/cucumber-pdf-report/2.2.1/cucumber-pdf-report-2.2.1.jar:/Users/bishnuprasadpanda/.m2/repository/org/apache/pdfbox/pdfbox/2.0.22/pdfbox-2.0.22.jar:/Users/bishnuprasadpanda/.m2/repository/org/apache/pdfbox/fontbox/2.0.22/fontbox-2.0.22.jar:/Users/bishnuprasadpanda/.m2/repository/org/knowm/xchart/xchart/3.8.0/xchart-3.8.0.jar:/Users/bishnuprasadpanda/.m2/repository/de/erichseifert/vectorgraphics2d/VectorGraphics2D/0.13/VectorGraphics2D-0.13.jar:/Users/bishnuprasadpanda/.m2/repository/de/rototor/pdfbox/graphics2d/0.30/graphics2d-0.30.jar:/Users/bishnuprasadpanda/.m2/repository/com/madgag/animated-gif-lib/1.4/animated-gif-lib-1.4.jar:/Users/bishnuprasadpanda/.m2/repository/tech/grasshopper/table-layout/1.2.0/table-layout-1.2.0.jar:/Users/bishnuprasadpanda/.m2/repository/com/aventstack/klov-reporter/5.0.6/klov-reporter-5.0.6.jar:/Users/bishnuprasadpanda/.m2/repository/org/mongodb/bson/3.6.4/bson-3.6.4.jar:/Users/bishnuprasadpanda/.m2/repository/org/mongodb/mongodb-driver/3.3.0/mongodb-driver-3.3.0.jar:/Users/bishnuprasadpanda/.m2/repository/org/mongodb/mongodb-driver-core/3.3.0/mongodb-driver-core-3.3.0.jar:/Users/bishnuprasadpanda/.m2/repository/org/testng/testng/6.14.3/testng-6.14.3.jar:/Users/bishnuprasadpanda/.m2/repository/com/beust/jcommander/1.72/jcommander-1.72.jar:/Users/bishnuprasadpanda/.m2/repository/org/apache-extras/beanshell/bsh/2.0b6/bsh-2.0b6.jar:/Users/bishnuprasadpanda/.m2/repository/io/cucumber/cucumber-testng/6.9.0/cucumber-testng-6.9.0.jar:/Users/bishnuprasadpanda/.m2/repository/org/apache/poi/poi/4.1.2/poi-4.1.2.jar:/Users/bishnuprasadpanda/.m2/repository/commons-codec/commons-codec/1.13/commons-codec-1.13.jar:/Users/bishnuprasadpanda/.m2/repository/org/apache/commons/commons-collections4/4.4/commons-collections4-4.4.jar:/Users/bishnuprasadpanda/.m2/repository/org/apache/commons/commons-math3/3.6.1/commons-math3-3.6.1.jar:/Users/bishnuprasadpanda/.m2/repository/com/zaxxer/SparseBitSet/1.2/SparseBitSet-1.2.jar:/Users/bishnuprasadpanda/.m2/repository/org/apache/poi/poi-ooxml/4.1.2/poi-ooxml-4.1.2.jar:/Users/bishnuprasadpanda/.m2/repository/org/apache/poi/poi-ooxml-schemas/4.1.2/poi-ooxml-schemas-4.1.2.jar:/Users/bishnuprasadpanda/.m2/repository/org/apache/xmlbeans/xmlbeans/3.1.0/xmlbeans-3.1.0.jar:/Users/bishnuprasadpanda/.m2/repository/org/apache/commons/commons-compress/1.19/commons-compress-1.19.jar:/Users/bishnuprasadpanda/.m2/repository/com/github/virtuald/curvesapi/1.06/curvesapi-1.06.jar:/Users/bishnuprasadpanda/.m2/repository/org/seleniumhq/selenium/selenium-java/4.0.0/selenium-java-4.0.0.jar:/Users/bishnuprasadpanda/.m2/repository/org/seleniumhq/selenium/selenium-api/4.0.0/selenium-api-4.0.0.jar:/Users/bishnuprasadpanda/.m2/repository/org/seleniumhq/selenium/selenium-chrome-driver/4.0.0/selenium-chrome-driver-4.0.0.jar:/Users/bishnuprasadpanda/.m2/repository/com/google/auto/service/auto-service-annotations/1.0/auto-service-annotations-1.0.jar:/Users/bishnuprasadpanda/.m2/repository/com/google/auto/service/auto-service/1.0/auto-service-1.0.jar:/Users/bishnuprasadpanda/.m2/repository/com/google/auto/auto-common/1.0/auto-common-1.0.jar:/Users/bishnuprasadpanda/.m2/repository/org/seleniumhq/selenium/selenium-chromium-driver/4.0.0/selenium-chromium-driver-4.0.0.jar:/Users/bishnuprasadpanda/.m2/repository/org/seleniumhq/selenium/selenium-json/4.0.0/selenium-json-4.0.0.jar:/Users/bishnuprasadpanda/.m2/repository/org/seleniumhq/selenium/selenium-devtools-v85/4.0.0/selenium-devtools-v85-4.0.0.jar:/Users/bishnuprasadpanda/.m2/repository/org/seleniumhq/selenium/selenium-devtools-v93/4.0.0/selenium-devtools-v93-4.0.0.jar:/Users/bishnuprasadpanda/.m2/repository/org/seleniumhq/selenium/selenium-devtools-v94/4.0.0/selenium-devtools-v94-4.0.0.jar:/Users/bishnuprasadpanda/.m2/repository/org/seleniumhq/selenium/selenium-devtools-v95/4.0.0/selenium-devtools-v95-4.0.0.jar:/Users/bishnuprasadpanda/.m2/repository/org/seleniumhq/selenium/selenium-edge-driver/4.0.0/selenium-edge-driver-4.0.0.jar:/Users/bishnuprasadpanda/.m2/repository/org/seleniumhq/selenium/selenium-firefox-driver/4.0.0/selenium-firefox-driver-4.0.0.jar:/Users/bishnuprasadpanda/.m2/repository/org/seleniumhq/selenium/selenium-firefox-xpi-driver/4.0.0/selenium-firefox-xpi-driver-4.0.0.jar:/Users/bishnuprasadpanda/.m2/repository/org/seleniumhq/selenium/selenium-ie-driver/4.0.0/selenium-ie-driver-4.0.0.jar:/Users/bishnuprasadpanda/.m2/repository/org/seleniumhq/selenium/selenium-opera-driver/4.0.0/selenium-opera-driver-4.0.0.jar:/Users/bishnuprasadpanda/.m2/repository/org/seleniumhq/selenium/selenium-remote-driver/4.0.0/selenium-remote-driver-4.0.0.jar:/Users/bishnuprasadpanda/.m2/repository/io/netty/netty-buffer/4.1.68.Final/netty-buffer-4.1.68.Final.jar:/Users/bishnuprasadpanda/.m2/repository/io/netty/netty-codec-http/4.1.67.Final/netty-codec-http-4.1.67.Final.jar:/Users/bishnuprasadpanda/.m2/repository/io/netty/netty-codec/4.1.67.Final/netty-codec-4.1.67.Final.jar:/Users/bishnuprasadpanda/.m2/repository/io/netty/netty-handler/4.1.67.Final/netty-handler-4.1.67.Final.jar:/Users/bishnuprasadpanda/.m2/repository/io/netty/netty-common/4.1.68.Final/netty-common-4.1.68.Final.jar:/Users/bishnuprasadpanda/.m2/repository/io/netty/netty-transport-native-epoll/4.1.67.Final/netty-transport-native-epoll-4.1.67.Final.jar:/Users/bishnuprasadpanda/.m2/repository/io/netty/netty-transport-native-kqueue/4.1.67.Final/netty-transport-native-kqueue-4.1.67.Final.jar:/Users/bishnuprasadpanda/.m2/repository/io/netty/netty-transport-native-unix-common/4.1.67.Final/netty-transport-native-unix-common-4.1.67.Final.jar:/Users/bishnuprasadpanda/.m2/repository/io/netty/netty-transport/4.1.68.Final/netty-transport-4.1.68.Final.jar:/Users/bishnuprasadpanda/.m2/repository/io/netty/netty-resolver/4.1.68.Final/netty-resolver-4.1.68.Final.jar:/Users/bishnuprasadpanda/.m2/repository/io/opentelemetry/opentelemetry-api/1.6.0/opentelemetry-api-1.6.0.jar:/Users/bishnuprasadpanda/.m2/repository/io/opentelemetry/opentelemetry-context/1.6.0/opentelemetry-context-1.6.0.jar:/Users/bishnuprasadpanda/.m2/repository/io/opentelemetry/opentelemetry-exporter-logging/1.6.0/opentelemetry-exporter-logging-1.6.0.jar:/Users/bishnuprasadpanda/.m2/repository/io/opentelemetry/opentelemetry-sdk-metrics/1.6.0-alpha/opentelemetry-sdk-metrics-1.6.0-alpha.jar:/Users/bishnuprasadpanda/.m2/repository/io/opentelemetry/opentelemetry-sdk-common/1.6.0/opentelemetry-sdk-common-1.6.0.jar:/Users/bishnuprasadpanda/.m2/repository/io/opentelemetry/opentelemetry-sdk-extension-autoconfigure-spi/1.6.0/opentelemetry-sdk-extension-autoconfigure-spi-1.6.0.jar:/Users/bishnuprasadpanda/.m2/repository/io/opentelemetry/opentelemetry-sdk-extension-autoconfigure/1.6.0-alpha/opentelemetry-sdk-extension-autoconfigure-1.6.0-alpha.jar:/Users/bishnuprasadpanda/.m2/repository/io/opentelemetry/opentelemetry-sdk-trace/1.6.0/opentelemetry-sdk-trace-1.6.0.jar:/Users/bishnuprasadpanda/.m2/repository/io/opentelemetry/opentelemetry-api-metrics/1.6.0-alpha/opentelemetry-api-metrics-1.6.0-alpha.jar:/Users/bishnuprasadpanda/.m2/repository/io/opentelemetry/opentelemetry-sdk/1.6.0/opentelemetry-sdk-1.6.0.jar:/Users/bishnuprasadpanda/.m2/repository/io/opentelemetry/opentelemetry-semconv/1.6.0-alpha/opentelemetry-semconv-1.6.0-alpha.jar:/Users/bishnuprasadpanda/.m2/repository/io/ous/jtoml/2.0.0/jtoml-2.0.0.jar:/Users/bishnuprasadpanda/.m2/repository/net/bytebuddy/byte-buddy/1.11.19/byte-buddy-1.11.19.jar:/Users/bishnuprasadpanda/.m2/repository/org/apache/commons/commons-exec/1.3/commons-exec-1.3.jar:/Users/bishnuprasadpanda/.m2/repository/org/asynchttpclient/async-http-client/2.12.3/async-http-client-2.12.3.jar:/Users/bishnuprasadpanda/.m2/repository/org/asynchttpclient/async-http-client-netty-utils/2.12.3/async-http-client-netty-utils-2.12.3.jar:/Users/bishnuprasadpanda/.m2/repository/io/netty/netty-codec-socks/4.1.60.Final/netty-codec-socks-4.1.60.Final.jar:/Users/bishnuprasadpanda/.m2/repository/io/netty/netty-handler-proxy/4.1.60.Final/netty-handler-proxy-4.1.60.Final.jar:/Users/bishnuprasadpanda/.m2/repository/io/netty/netty-transport-native-epoll/4.1.60.Final/netty-transport-native-epoll-4.1.60.Final-linux-x86_64.jar:/Users/bishnuprasadpanda/.m2/repository/io/netty/netty-transport-native-kqueue/4.1.60.Final/netty-transport-native-kqueue-4.1.60.Final-osx-x86_64.jar:/Users/bishnuprasadpanda/.m2/repository/com/typesafe/netty/netty-reactive-streams/2.0.4/netty-reactive-streams-2.0.4.jar:/Users/bishnuprasadpanda/.m2/repository/org/seleniumhq/selenium/selenium-http/4.0.0/selenium-http-4.0.0.jar:/Users/bishnuprasadpanda/.m2/repository/org/seleniumhq/selenium/selenium-safari-driver/4.0.0/selenium-safari-driver-4.0.0.jar:/Users/bishnuprasadpanda/.m2/repository/org/seleniumhq/selenium/selenium-support/4.0.0/selenium-support-4.0.0.jar:/Users/bishnuprasadpanda/.m2/repository/io/github/bonigarcia/webdrivermanager/4.2.2/webdrivermanager-4.2.2.jar:/Users/bishnuprasadpanda/.m2/repository/org/slf4j/slf4j-api/1.7.30/slf4j-api-1.7.30.jar:/Users/bishnuprasadpanda/.m2/repository/commons-io/commons-io/2.8.0/commons-io-2.8.0.jar:/Users/bishnuprasadpanda/.m2/repository/com/google/code/gson/gson/2.8.6/gson-2.8.6.jar:/Users/bishnuprasadpanda/.m2/repository/org/apache/httpcomponents/client5/httpclient5/5.0.1/httpclient5-5.0.1.jar:/Users/bishnuprasadpanda/.m2/repository/org/apache/httpcomponents/core5/httpcore5/5.0.1/httpcore5-5.0.1.jar:/Users/bishnuprasadpanda/.m2/repository/org/apache/httpcomponents/core5/httpcore5-h2/5.0.1/httpcore5-h2-5.0.1.jar:/Users/bishnuprasadpanda/.m2/repository/org/rauschig/jarchivelib/1.1.0/jarchivelib-1.1.0.jar:/Users/bishnuprasadpanda/.m2/repository/log4j/log4j/1.2.17/log4j-1.2.17.jar:/Users/bishnuprasadpanda/.m2/repository/net/serenity-bdd/serenity-core/2.4.24/serenity-core-2.4.24.jar:/Users/bishnuprasadpanda/.m2/repository/net/serenity-bdd/serenity-model/2.4.24/serenity-model-2.4.24.jar:/Users/bishnuprasadpanda/.m2/repository/commons-net/commons-net/3.6/commons-net-3.6.jar:/Users/bishnuprasadpanda/.m2/repository/com/google/inject/guice/5.0.1/guice-5.0.1.jar:/Users/bishnuprasadpanda/.m2/repository/javax/inject/javax.inject/1/javax.inject-1.jar:/Users/bishnuprasadpanda/.m2/repository/aopalliance/aopalliance/1.0/aopalliance-1.0.jar:/Users/bishnuprasadpanda/.m2/repository/com/thoughtworks/xstream/xstream/1.4.16/xstream-1.4.16.jar:/Users/bishnuprasadpanda/.m2/repository/io/github/x-stream/mxparser/1.2.1/mxparser-1.2.1.jar:/Users/bishnuprasadpanda/.m2/repository/xmlpull/xmlpull/1.1.3.1/xmlpull-1.1.3.1.jar:/Users/bishnuprasadpanda/.m2/repository/com/typesafe/config/1.3.1/config-1.3.1.jar:/Users/bishnuprasadpanda/.m2/repository/org/imgscalr/imgscalr-lib/4.2/imgscalr-lib-4.2.jar:/Users/bishnuprasadpanda/.m2/repository/org/awaitility/awaitility/4.0.3/awaitility-4.0.3.jar:/Users/bishnuprasadpanda/.m2/repository/net/sourceforge/jexcelapi/jxl/2.6.12/jxl-2.6.12.jar:/Users/bishnuprasadpanda/.m2/repository/org/asciidoctor/asciidoctorj/1.5.6/asciidoctorj-1.5.6.jar:/Users/bishnuprasadpanda/.m2/repository/org/jruby/jruby-complete/1.7.26/jruby-complete-1.7.26.jar:/Users/bishnuprasadpanda/.m2/repository/net/bytebuddy/byte-buddy-agent/1.10.10/byte-buddy-agent-1.10.10.jar:/Users/bishnuprasadpanda/.m2/repository/org/objenesis/objenesis/3.1/objenesis-3.1.jar:/Users/bishnuprasadpanda/.m2/repository/net/serenity-bdd/serenity-reports/2.4.24/serenity-reports-2.4.24.jar:/Users/bishnuprasadpanda/.m2/repository/net/serenity-bdd/serenity-stats/2.4.24/serenity-stats-2.4.24.jar:/Users/bishnuprasadpanda/.m2/repository/net/serenity-bdd/serenity-reports-configuration/2.4.24/serenity-reports-configuration-2.4.24.jar:/Users/bishnuprasadpanda/.m2/repository/com/vladsch/flexmark/flexmark-all/0.34.30/flexmark-all-0.34.30.jar:/Users/bishnuprasadpanda/.m2/repository/com/vladsch/flexmark/flexmark/0.34.30/flexmark-0.34.30.jar:/Users/bishnuprasadpanda/.m2/repository/com/vladsch/flexmark/flexmark-ext-abbreviation/0.34.30/flexmark-ext-abbreviation-0.34.30.jar:/Users/bishnuprasadpanda/.m2/repository/com/vladsch/flexmark/flexmark-ext-admonition/0.34.30/flexmark-ext-admonition-0.34.30.jar:/Users/bishnuprasadpanda/.m2/repository/com/vladsch/flexmark/flexmark-ext-anchorlink/0.34.30/flexmark-ext-anchorlink-0.34.30.jar:/Users/bishnuprasadpanda/.m2/repository/com/vladsch/flexmark/flexmark-ext-aside/0.34.30/flexmark-ext-aside-0.34.30.jar:/Users/bishnuprasadpanda/.m2/repository/com/vladsch/flexmark/flexmark-ext-attributes/0.34.30/flexmark-ext-attributes-0.34.30.jar:/Users/bishnuprasadpanda/.m2/repository/com/vladsch/flexmark/flexmark-ext-autolink/0.34.30/flexmark-ext-autolink-0.34.30.jar:/Users/bishnuprasadpanda/.m2/repository/org/nibor/autolink/autolink/0.6.0/autolink-0.6.0.jar:/Users/bishnuprasadpanda/.m2/repository/com/vladsch/flexmark/flexmark-ext-definition/0.34.30/flexmark-ext-definition-0.34.30.jar:/Users/bishnuprasadpanda/.m2/repository/com/vladsch/flexmark/flexmark-ext-emoji/0.34.30/flexmark-ext-emoji-0.34.30.jar:/Users/bishnuprasadpanda/.m2/repository/com/vladsch/flexmark/flexmark-ext-enumerated-reference/0.34.30/flexmark-ext-enumerated-reference-0.34.30.jar:/Users/bishnuprasadpanda/.m2/repository/com/vladsch/flexmark/flexmark-ext-escaped-character/0.34.30/flexmark-ext-escaped-character-0.34.30.jar:/Users/bishnuprasadpanda/.m2/repository/com/vladsch/flexmark/flexmark-ext-footnotes/0.34.30/flexmark-ext-footnotes-0.34.30.jar:/Users/bishnuprasadpanda/.m2/repository/com/vladsch/flexmark/flexmark-ext-gfm-issues/0.34.30/flexmark-ext-gfm-issues-0.34.30.jar:/Users/bishnuprasadpanda/.m2/repository/com/vladsch/flexmark/flexmark-ext-gfm-strikethrough/0.34.30/flexmark-ext-gfm-strikethrough-0.34.30.jar:/Users/bishnuprasadpanda/.m2/repository/com/vladsch/flexmark/flexmark-ext-gfm-tables/0.34.30/flexmark-ext-gfm-tables-0.34.30.jar:/Users/bishnuprasadpanda/.m2/repository/com/vladsch/flexmark/flexmark-ext-gfm-tasklist/0.34.30/flexmark-ext-gfm-tasklist-0.34.30.jar:/Users/bishnuprasadpanda/.m2/repository/com/vladsch/flexmark/flexmark-ext-gfm-users/0.34.30/flexmark-ext-gfm-users-0.34.30.jar:/Users/bishnuprasadpanda/.m2/repository/com/vladsch/flexmark/flexmark-ext-gitlab/0.34.30/flexmark-ext-gitlab-0.34.30.jar:/Users/bishnuprasadpanda/.m2/repository/com/vladsch/flexmark/flexmark-ext-jekyll-front-matter/0.34.30/flexmark-ext-jekyll-front-matter-0.34.30.jar:/Users/bishnuprasadpanda/.m2/repository/com/vladsch/flexmark/flexmark-ext-jekyll-tag/0.34.30/flexmark-ext-jekyll-tag-0.34.30.jar:/Users/bishnuprasadpanda/.m2/repository/com/vladsch/flexmark/flexmark-ext-media-tags/0.34.30/flexmark-ext-media-tags-0.34.30.jar:/Users/bishnuprasadpanda/.m2/repository/com/vladsch/flexmark/flexmark-test-util/0.34.30/flexmark-test-util-0.34.30.jar:/Users/bishnuprasadpanda/.m2/repository/com/vladsch/flexmark/flexmark-ext-ins/0.34.30/flexmark-ext-ins-0.34.30.jar:/Users/bishnuprasadpanda/.m2/repository/com/vladsch/flexmark/flexmark-ext-xwiki-macros/0.34.30/flexmark-ext-xwiki-macros-0.34.30.jar:/Users/bishnuprasadpanda/.m2/repository/com/vladsch/flexmark/flexmark-ext-superscript/0.34.30/flexmark-ext-superscript-0.34.30.jar:/Users/bishnuprasadpanda/.m2/repository/com/vladsch/flexmark/flexmark-ext-tables/0.34.30/flexmark-ext-tables-0.34.30.jar:/Users/bishnuprasadpanda/.m2/repository/com/vladsch/flexmark/flexmark-ext-toc/0.34.30/flexmark-ext-toc-0.34.30.jar:/Users/bishnuprasadpanda/.m2/repository/com/vladsch/flexmark/flexmark-ext-typographic/0.34.30/flexmark-ext-typographic-0.34.30.jar:/Users/bishnuprasadpanda/.m2/repository/com/vladsch/flexmark/flexmark-ext-wikilink/0.34.30/flexmark-ext-wikilink-0.34.30.jar:/Users/bishnuprasadpanda/.m2/repository/com/vladsch/flexmark/flexmark-ext-yaml-front-matter/0.34.30/flexmark-ext-yaml-front-matter-0.34.30.jar:/Users/bishnuprasadpanda/.m2/repository/com/vladsch/flexmark/flexmark-ext-youtube-embedded/0.34.30/flexmark-ext-youtube-embedded-0.34.30.jar:/Users/bishnuprasadpanda/.m2/repository/com/vladsch/flexmark/flexmark-formatter/0.34.30/flexmark-formatter-0.34.30.jar:/Users/bishnuprasadpanda/.m2/repository/com/vladsch/flexmark/flexmark-html-parser/0.34.30/flexmark-html-parser-0.34.30.jar:/Users/bishnuprasadpanda/.m2/repository/com/vladsch/flexmark/flexmark-jira-converter/0.34.30/flexmark-jira-converter-0.34.30.jar:/Users/bishnuprasadpanda/.m2/repository/com/vladsch/flexmark/flexmark-pdf-converter/0.34.30/flexmark-pdf-converter-0.34.30.jar:/Users/bishnuprasadpanda/.m2/repository/com/openhtmltopdf/openhtmltopdf-core/0.0.1-RC13/openhtmltopdf-core-0.0.1-RC13.jar:/Users/bishnuprasadpanda/.m2/repository/com/openhtmltopdf/openhtmltopdf-pdfbox/0.0.1-RC13/openhtmltopdf-pdfbox-0.0.1-RC13.jar:/Users/bishnuprasadpanda/.m2/repository/org/apache/pdfbox/xmpbox/2.0.8/xmpbox-2.0.8.jar:/Users/bishnuprasadpanda/.m2/repository/com/openhtmltopdf/openhtmltopdf-rtl-support/0.0.1-RC13/openhtmltopdf-rtl-support-0.0.1-RC13.jar:/Users/bishnuprasadpanda/.m2/repository/com/ibm/icu/icu4j/59.1/icu4j-59.1.jar:/Users/bishnuprasadpanda/.m2/repository/com/openhtmltopdf/openhtmltopdf-jsoup-dom-converter/0.0.1-RC13/openhtmltopdf-jsoup-dom-converter-0.0.1-RC13.jar:/Users/bishnuprasadpanda/.m2/repository/com/vladsch/flexmark/flexmark-profile-pegdown/0.34.30/flexmark-profile-pegdown-0.34.30.jar:/Users/bishnuprasadpanda/.m2/repository/com/vladsch/flexmark/flexmark-util/0.34.30/flexmark-util-0.34.30.jar:/Users/bishnuprasadpanda/.m2/repository/com/vladsch/flexmark/flexmark-youtrack-converter/0.34.30/flexmark-youtrack-converter-0.34.30.jar:/Users/bishnuprasadpanda/.m2/repository/es/nitaur/markdown/txtmark/0.16/txtmark-0.16.jar:/Users/bishnuprasadpanda/.m2/repository/net/serenity-bdd/serenity-report-resources/2.4.24/serenity-report-resources-2.4.24.jar:/Users/bishnuprasadpanda/.m2/repository/org/seleniumhq/selenium/selenium-server/3.141.59/selenium-server-3.141.59.jar:/Users/bishnuprasadpanda/.m2/repository/net/jcip/jcip-annotations/1.0/jcip-annotations-1.0.jar:/Users/bishnuprasadpanda/.m2/repository/org/seleniumhq/selenium/jetty-repacked/9.4.12.v20180830/jetty-repacked-9.4.12.v20180830.jar:/Users/bishnuprasadpanda/.m2/repository/com/squareup/okhttp3/okhttp/3.11.0/okhttp-3.11.0.jar:/Users/bishnuprasadpanda/.m2/repository/com/squareup/okio/okio/1.14.0/okio-1.14.0.jar:/Users/bishnuprasadpanda/.m2/repository/javax/servlet/javax.servlet-api/3.1.0/javax.servlet-api-3.1.0.jar:/Users/bishnuprasadpanda/.m2/repository/org/yaml/snakeyaml/1.19/snakeyaml-1.19.jar:/Users/bishnuprasadpanda/.m2/repository/net/sourceforge/htmlunit/htmlunit/2.47.1/htmlunit-2.47.1.jar:/Users/bishnuprasadpanda/.m2/repository/xalan/xalan/2.7.2/xalan-2.7.2.jar:/Users/bishnuprasadpanda/.m2/repository/xalan/serializer/2.7.2/serializer-2.7.2.jar:/Users/bishnuprasadpanda/.m2/repository/net/sourceforge/htmlunit/htmlunit-core-js/2.47.0/htmlunit-core-js-2.47.0.jar:/Users/bishnuprasadpanda/.m2/repository/net/sourceforge/htmlunit/neko-htmlunit/2.47.1/neko-htmlunit-2.47.1.jar:/Users/bishnuprasadpanda/.m2/repository/xerces/xercesImpl/2.12.0/xercesImpl-2.12.0.jar:/Users/bishnuprasadpanda/.m2/repository/xml-apis/xml-apis/1.4.01/xml-apis-1.4.01.jar:/Users/bishnuprasadpanda/.m2/repository/net/sourceforge/htmlunit/htmlunit-cssparser/1.7.0/htmlunit-cssparser-1.7.0.jar:/Users/bishnuprasadpanda/.m2/repository/org/brotli/dec/0.1.2/dec-0.1.2.jar:/Users/bishnuprasadpanda/.m2/repository/com/shapesecurity/salvation2/3.0.0/salvation2-3.0.0.jar:/Users/bishnuprasadpanda/.m2/repository/org/eclipse/jetty/websocket/websocket-client/9.4.36.v20210114/websocket-client-9.4.36.v20210114.jar:/Users/bishnuprasadpanda/.m2/repository/org/eclipse/jetty/jetty-client/9.4.36.v20210114/jetty-client-9.4.36.v20210114.jar:/Users/bishnuprasadpanda/.m2/repository/org/eclipse/jetty/jetty-http/9.4.36.v20210114/jetty-http-9.4.36.v20210114.jar:/Users/bishnuprasadpanda/.m2/repository/org/eclipse/jetty/jetty-util/9.4.36.v20210114/jetty-util-9.4.36.v20210114.jar:/Users/bishnuprasadpanda/.m2/repository/org/eclipse/jetty/jetty-io/9.4.36.v20210114/jetty-io-9.4.36.v20210114.jar:/Users/bishnuprasadpanda/.m2/repository/org/eclipse/jetty/websocket/websocket-common/9.4.36.v20210114/websocket-common-9.4.36.v20210114.jar:/Users/bishnuprasadpanda/.m2/repository/org/eclipse/jetty/websocket/websocket-api/9.4.36.v20210114/websocket-api-9.4.36.v20210114.jar:/Users/bishnuprasadpanda/.m2/repository/org/seleniumhq/selenium/htmlunit-driver/2.47.1/htmlunit-driver-2.47.1.jar:/Users/bishnuprasadpanda/.m2/repository/com/codeborne/phantomjsdriver/1.4.4/phantomjsdriver-1.4.4.jar:/Users/bishnuprasadpanda/.m2/repository/io/appium/java-client/7.5.1/java-client-7.5.1.jar:/Users/bishnuprasadpanda/.m2/repository/commons-validator/commons-validator/1.7/commons-validator-1.7.jar:/Users/bishnuprasadpanda/.m2/repository/commons-digester/commons-digester/2.1/commons-digester-2.1.jar:/Users/bishnuprasadpanda/.m2/repository/org/aspectj/aspectjweaver/1.9.6/aspectjweaver-1.9.6.jar:/Users/bishnuprasadpanda/.m2/repository/org/codehaus/groovy/groovy/3.0.8/groovy-3.0.8.jar:/Users/bishnuprasadpanda/.m2/repository/net/sf/opencsv/opencsv/2.0/opencsv-2.0.jar:/Users/bishnuprasadpanda/.m2/repository/commons-beanutils/commons-beanutils/1.9.4/commons-beanutils-1.9.4.jar:/Users/bishnuprasadpanda/.m2/repository/commons-collections/commons-collections/3.2.2/commons-collections-3.2.2.jar:/Users/bishnuprasadpanda/.m2/repository/org/fluentlenium/fluentlenium-core/0.10.2/fluentlenium-core-0.10.2.jar:/Users/bishnuprasadpanda/.m2/repository/com/jhlabs/filters/2.0.235/filters-2.0.235.jar:/Users/bishnuprasadpanda/.m2/repository/com/assertthat/selenium-shutterbug/1.4/selenium-shutterbug-1.4.jar:/Users/bishnuprasadpanda/.m2/repository/com/github/zafarkhaja/java-semver/0.9.0/java-semver-0.9.0.jar:/Users/bishnuprasadpanda/.m2/repository/ru/yandex/qatools/ashot/ashot/1.5.4/ashot-1.5.4.jar:/Users/bishnuprasadpanda/.m2/repository/com/paulhammant/ngwebdriver/1.1.5/ngwebdriver-1.1.5.jar:/Users/bishnuprasadpanda/.m2/repository/joda-time/joda-time/2.8.2/joda-time-2.8.2.jar:/Users/bishnuprasadpanda/.m2/repository/org/hamcrest/hamcrest/2.2/hamcrest-2.2.jar:/Users/bishnuprasadpanda/.m2/repository/com/google/jimfs/jimfs/1.1/jimfs-1.1.jar:/Users/bishnuprasadpanda/.m2/repository/org/mockito/mockito-core/3.3.3/mockito-core-3.3.3.jar:/Users/bishnuprasadpanda/.m2/repository/org/assertj/assertj-core/3.18.0/assertj-core-3.18.0.jar:/Users/bishnuprasadpanda/.m2/repository/javax/xml/bind/jaxb-api/2.3.1/jaxb-api-2.3.1.jar:/Users/bishnuprasadpanda/.m2/repository/javax/activation/javax.activation-api/1.2.0/javax.activation-api-1.2.0.jar:/Users/bishnuprasadpanda/.m2/repository/com/sun/xml/bind/jaxb-core/2.3.0.1/jaxb-core-2.3.0.1.jar:/Users/bishnuprasadpanda/.m2/repository/com/sun/xml/bind/jaxb-impl/2.3.3/jaxb-impl-2.3.3.jar:/Users/bishnuprasadpanda/.m2/repository/jakarta/xml/bind/jakarta.xml.bind-api/2.3.3/jakarta.xml.bind-api-2.3.3.jar:/Users/bishnuprasadpanda/.m2/repository/com/sun/activation/jakarta.activation/1.2.2/jakarta.activation-1.2.2.jar:/Users/bishnuprasadpanda/.m2/repository/javax/activation/activation/1.1.1/activation-1.1.1.jar:/Users/bishnuprasadpanda/.m2/repository/net/serenity-bdd/serenity-junit/2.4.24/serenity-junit-2.4.24.jar:/Users/bishnuprasadpanda/.m2/repository/net/serenity-bdd/serenity-ensure/2.4.24/serenity-ensure-2.4.24.jar:/Users/bishnuprasadpanda/.m2/repository/net/serenity-bdd/serenity-screenplay/2.4.24/serenity-screenplay-2.4.24.jar:/Users/bishnuprasadpanda/.m2/repository/net/serenity-bdd/serenity-screenplay-webdriver/2.4.24/serenity-screenplay-webdriver-2.4.24.jar:/Users/bishnuprasadpanda/.m2/repository/org/jetbrains/kotlin/kotlin-stdlib/1.4.31/kotlin-stdlib-1.4.31.jar:/Users/bishnuprasadpanda/.m2/repository/org/jetbrains/kotlin/kotlin-stdlib-common/1.4.31/kotlin-stdlib-common-1.4.31.jar:/Users/bishnuprasadpanda/.m2/repository/org/jetbrains/annotations/13.0/annotations-13.0.jar:/Users/bishnuprasadpanda/.m2/repository/net/serenity-bdd/serenity-cucumber6/2.4.24/serenity-cucumber6-2.4.24.jar:/Users/bishnuprasadpanda/.m2/repository/io/cucumber/datatable-matchers/3.4.0/datatable-matchers-3.4.0.jar:/Users/bishnuprasadpanda/.m2/repository/commons-logging/commons-logging/1.2/commons-logging-1.2.jar:/Users/bishnuprasadpanda/.m2/repository/org/apache/commons/commons-csv/1.5/commons-csv-1.5.jar:/Users/bishnuprasadpanda/.m2/repository/org/postgresql/postgresql/42.2.17/postgresql-42.2.17.jar:/Users/bishnuprasadpanda/.m2/repository/org/checkerframework/checker-qual/3.5.0/checker-qual-3.5.0.jar:/Users/bishnuprasadpanda/.m2/repository/org/apache/commons/commons-lang3/3.9/commons-lang3-3.9.jar:/Users/bishnuprasadpanda/.m2/repository/com/google/api-client/google-api-client/1.30.9/google-api-client-1.30.9.jar:/Users/bishnuprasadpanda/.m2/repository/com/google/oauth-client/google-oauth-client/1.30.5/google-oauth-client-1.30.5.jar:/Users/bishnuprasadpanda/.m2/repository/com/google/http-client/google-http-client/1.34.0/google-http-client-1.34.0.jar:/Users/bishnuprasadpanda/.m2/repository/io/opencensus/opencensus-api/0.24.0/opencensus-api-0.24.0.jar:/Users/bishnuprasadpanda/.m2/repository/io/grpc/grpc-context/1.22.1/grpc-context-1.22.1.jar:/Users/bishnuprasadpanda/.m2/repository/io/opencensus/opencensus-contrib-http-util/0.24.0/opencensus-contrib-http-util-0.24.0.jar:/Users/bishnuprasadpanda/.m2/repository/com/google/http-client/google-http-client-jackson2/1.34.2/google-http-client-jackson2-1.34.2.jar:/Users/bishnuprasadpanda/.m2/repository/com/fasterxml/jackson/core/jackson-core/2.10.2/jackson-core-2.10.2.jar:/Users/bishnuprasadpanda/.m2/repository/com/google/oauth-client/google-oauth-client-jetty/1.30.6/google-oauth-client-jetty-1.30.6.jar:/Users/bishnuprasadpanda/.m2/repository/com/google/oauth-client/google-oauth-client-java6/1.30.6/google-oauth-client-java6-1.30.6.jar:/Users/bishnuprasadpanda/.m2/repository/com/google/apis/google-api-services-gmail/v1-rev110-1.25.0/google-api-services-gmail-v1-rev110-1.25.0.jar:/Users/bishnuprasadpanda/.m2/repository/javax/mail/javax.mail-api/1.6.2/javax.mail-api-1.6.2.jar:/Users/bishnuprasadpanda/.m2/repository/org/jsoup/jsoup/1.13.1/jsoup-1.13.1.jar:/Users/bishnuprasadpanda/.m2/repository/io/rest-assured/rest-assured/4.3.0/rest-assured-4.3.0.jar:/Users/bishnuprasadpanda/.m2/repository/org/codehaus/groovy/groovy-xml/3.0.2/groovy-xml-3.0.2.jar:/Users/bishnuprasadpanda/.m2/repository/org/apache/httpcomponents/httpclient/4.5.3/httpclient-4.5.3.jar:/Users/bishnuprasadpanda/.m2/repository/org/apache/httpcomponents/httpcore/4.4.6/httpcore-4.4.6.jar:/Users/bishnuprasadpanda/.m2/repository/org/apache/httpcomponents/httpmime/4.5.3/httpmime-4.5.3.jar:/Users/bishnuprasadpanda/.m2/repository/org/ccil/cowan/tagsoup/tagsoup/1.2.1/tagsoup-1.2.1.jar:/Users/bishnuprasadpanda/.m2/repository/io/rest-assured/json-path/4.3.0/json-path-4.3.0.jar:/Users/bishnuprasadpanda/.m2/repository/org/codehaus/groovy/groovy-json/3.0.2/groovy-json-3.0.2.jar:/Users/bishnuprasadpanda/.m2/repository/io/rest-assured/xml-path/4.3.0/xml-path-4.3.0.jar:/Users/bishnuprasadpanda/.m2/repository/com/sun/xml/bind/jaxb-osgi/2.3.0.1/jaxb-osgi-2.3.0.1.jar:/Users/bishnuprasadpanda/.m2/repository/org/apache/sling/org.apache.sling.javax.activation/0.1.0/org.apache.sling.javax.activation-0.1.0.jar:/Users/bishnuprasadpanda/.m2/repository/io/rest-assured/rest-assured-common/4.3.0/rest-assured-common-4.3.0.jar:/Users/bishnuprasadpanda/.m2/repository/org/jboss/aerogear/aerogear-otp-java/1.0.0/aerogear-otp-java-1.0.0.jar:/Users/bishnuprasadpanda/.m2/repository/com/google/guava/guava/24.0-jre/guava-24.0-jre.jar:/Users/bishnuprasadpanda/.m2/repository/com/google/code/findbugs/jsr305/1.3.9/jsr305-1.3.9.jar:/Users/bishnuprasadpanda/.m2/repository/org/checkerframework/checker-compat-qual/2.0.0/checker-compat-qual-2.0.0.jar:/Users/bishnuprasadpanda/.m2/repository/com/google/errorprone/error_prone_annotations/2.1.3/error_prone_annotations-2.1.3.jar:/Users/bishnuprasadpanda/.m2/repository/com/google/j2objc/j2objc-annotations/1.1/j2objc-annotations-1.1.jar:/Users/bishnuprasadpanda/.m2/repository/org/codehaus/mojo/animal-sniffer-annotations/1.14/animal-sniffer-annotations-1.14.jar:/Users/bishnuprasadpanda/.m2/repository/com/opencsv/opencsv/5.6/opencsv-5.6.jar:/Users/bishnuprasadpanda/.m2/repository/org/apache/commons/commons-text/1.9/commons-text-1.9.jar:/Users/bishnuprasadpanda/.m2/repository/org/projectlombok/lombok/1.18.22/lombok-1.18.22.jar:"/>
    <property name="java.vm.vendor" value="Homebrew"/>
    <property name="sun.arch.data.model" value="64"/>
    <property name="java.vendor.url" value="https://github.com/Homebrew/homebrew-core/issues"/>
    <property name="os.name" value="Mac OS X"/>
    <property name="java.vm.specification.version" value="16"/>
    <property name="sun.java.launcher" value="SUN_STANDARD"/>
    <property name="user.country" value="GB"/>
    <property name="sun.boot.library.path" value="/usr/local/Cellar/openjdk/16.0.1/libexec/openjdk.jdk/Contents/Home/lib"/>
    <property name="sun.java.command" value="/Users/bishnuprasadpanda/Documents/SCVenture/SCV_UIAutomation/target/surefire/surefirebooter5788730566061496703.jar /Users/bishnuprasadpanda/Documents/SCVenture/SCV_UIAutomation/target/surefire 2022-04-07T16-37-15_573-jvmRun1 surefire14702773520423298171tmp surefire_07902918309533561146tmp"/>
    <property name="http.nonProxyHosts" value="local|*.local|169.254/16|*.169.254/16"/>
    <property name="jdk.debug" value="release"/>
    <property name="surefire.test.class.path" value="/Users/bishnuprasadpanda/Documents/SCVenture/SCV_UIAutomation/target/test-classes:/Users/bishnuprasadpanda/Documents/SCVenture/SCV_UIAutomation/target/SCV_UIAutomation-0.0.1-SNAPSHOT.jar:/Users/bishnuprasadpanda/.m2/repository/io/cucumber/cucumber-java/6.9.0/cucumber-java-6.9.0.jar:/Users/bishnuprasadpanda/.m2/repository/io/cucumber/cucumber-core/6.9.0/cucumber-core-6.9.0.jar:/Users/bishnuprasadpanda/.m2/repository/io/cucumber/cucumber-gherkin/6.9.0/cucumber-gherkin-6.9.0.jar:/Users/bishnuprasadpanda/.m2/repository/io/cucumber/cucumber-gherkin-messages/6.9.0/cucumber-gherkin-messages-6.9.0.jar:/Users/bishnuprasadpanda/.m2/repository/io/cucumber/messages/13.2.0/messages-13.2.0.jar:/Users/bishnuprasadpanda/.m2/repository/io/cucumber/tag-expressions/3.0.0/tag-expressions-3.0.0.jar:/Users/bishnuprasadpanda/.m2/repository/io/cucumber/cucumber-expressions/10.3.0/cucumber-expressions-10.3.0.jar:/Users/bishnuprasadpanda/.m2/repository/io/cucumber/datatable/3.5.0/datatable-3.5.0.jar:/Users/bishnuprasadpanda/.m2/repository/io/cucumber/cucumber-plugin/6.9.0/cucumber-plugin-6.9.0.jar:/Users/bishnuprasadpanda/.m2/repository/io/cucumber/docstring/6.9.0/docstring-6.9.0.jar:/Users/bishnuprasadpanda/.m2/repository/io/cucumber/html-formatter/9.0.0/html-formatter-9.0.0.jar:/Users/bishnuprasadpanda/.m2/repository/io/cucumber/create-meta/2.0.4/create-meta-2.0.4.jar:/Users/bishnuprasadpanda/.m2/repository/org/apiguardian/apiguardian-api/1.1.0/apiguardian-api-1.1.0.jar:/Users/bishnuprasadpanda/.m2/repository/io/cucumber/cucumber-junit/6.9.0/cucumber-junit-6.9.0.jar:/Users/bishnuprasadpanda/.m2/repository/junit/junit/4.13.1/junit-4.13.1.jar:/Users/bishnuprasadpanda/.m2/repository/org/hamcrest/hamcrest-core/1.3/hamcrest-core-1.3.jar:/Users/bishnuprasadpanda/.m2/repository/tech/grasshopper/extentreports-cucumber6-adapter/2.8.1/extentreports-cucumber6-adapter-2.8.1.jar:/Users/bishnuprasadpanda/.m2/repository/com/aventstack/extentreports/5.0.6/extentreports-5.0.6.jar:/Users/bishnuprasadpanda/.m2/repository/io/reactivex/rxjava3/rxjava/3.0.4/rxjava-3.0.4.jar:/Users/bishnuprasadpanda/.m2/repository/org/reactivestreams/reactive-streams/1.0.3/reactive-streams-1.0.3.jar:/Users/bishnuprasadpanda/.m2/repository/org/freemarker/freemarker/2.3.30/freemarker-2.3.30.jar:/Users/bishnuprasadpanda/.m2/repository/tech/grasshopper/extent-pdf-report/1.7.1/extent-pdf-report-1.7.1.jar:/Users/bishnuprasadpanda/.m2/repository/tech/grasshopper/cucumber-pdf-report/2.2.1/cucumber-pdf-report-2.2.1.jar:/Users/bishnuprasadpanda/.m2/repository/org/apache/pdfbox/pdfbox/2.0.22/pdfbox-2.0.22.jar:/Users/bishnuprasadpanda/.m2/repository/org/apache/pdfbox/fontbox/2.0.22/fontbox-2.0.22.jar:/Users/bishnuprasadpanda/.m2/repository/org/knowm/xchart/xchart/3.8.0/xchart-3.8.0.jar:/Users/bishnuprasadpanda/.m2/repository/de/erichseifert/vectorgraphics2d/VectorGraphics2D/0.13/VectorGraphics2D-0.13.jar:/Users/bishnuprasadpanda/.m2/repository/de/rototor/pdfbox/graphics2d/0.30/graphics2d-0.30.jar:/Users/bishnuprasadpanda/.m2/repository/com/madgag/animated-gif-lib/1.4/animated-gif-lib-1.4.jar:/Users/bishnuprasadpanda/.m2/repository/tech/grasshopper/table-layout/1.2.0/table-layout-1.2.0.jar:/Users/bishnuprasadpanda/.m2/repository/com/aventstack/klov-reporter/5.0.6/klov-reporter-5.0.6.jar:/Users/bishnuprasadpanda/.m2/repository/org/mongodb/bson/3.6.4/bson-3.6.4.jar:/Users/bishnuprasadpanda/.m2/repository/org/mongodb/mongodb-driver/3.3.0/mongodb-driver-3.3.0.jar:/Users/bishnuprasadpanda/.m2/repository/org/mongodb/mongodb-driver-core/3.3.0/mongodb-driver-core-3.3.0.jar:/Users/bishnuprasadpanda/.m2/repository/org/testng/testng/6.14.3/testng-6.14.3.jar:/Users/bishnuprasadpanda/.m2/repository/com/beust/jcommander/1.72/jcommander-1.72.jar:/Users/bishnuprasadpanda/.m2/repository/org/apache-extras/beanshell/bsh/2.0b6/bsh-2.0b6.jar:/Users/bishnuprasadpanda/.m2/repository/io/cucumber/cucumber-testng/6.9.0/cucumber-testng-6.9.0.jar:/Users/bishnuprasadpanda/.m2/repository/org/apache/poi/poi/4.1.2/poi-4.1.2.jar:/Users/bishnuprasadpanda/.m2/repository/commons-codec/commons-codec/1.13/commons-codec-1.13.jar:/Users/bishnuprasadpanda/.m2/repository/org/apache/commons/commons-collections4/4.4/commons-collections4-4.4.jar:/Users/bishnuprasadpanda/.m2/repository/org/apache/commons/commons-math3/3.6.1/commons-math3-3.6.1.jar:/Users/bishnuprasadpanda/.m2/repository/com/zaxxer/SparseBitSet/1.2/SparseBitSet-1.2.jar:/Users/bishnuprasadpanda/.m2/repository/org/apache/poi/poi-ooxml/4.1.2/poi-ooxml-4.1.2.jar:/Users/bishnuprasadpanda/.m2/repository/org/apache/poi/poi-ooxml-schemas/4.1.2/poi-ooxml-schemas-4.1.2.jar:/Users/bishnuprasadpanda/.m2/repository/org/apache/xmlbeans/xmlbeans/3.1.0/xmlbeans-3.1.0.jar:/Users/bishnuprasadpanda/.m2/repository/org/apache/commons/commons-compress/1.19/commons-compress-1.19.jar:/Users/bishnuprasadpanda/.m2/repository/com/github/virtuald/curvesapi/1.06/curvesapi-1.06.jar:/Users/bishnuprasadpanda/.m2/repository/org/seleniumhq/selenium/selenium-java/4.0.0/selenium-java-4.0.0.jar:/Users/bishnuprasadpanda/.m2/repository/org/seleniumhq/selenium/selenium-api/4.0.0/selenium-api-4.0.0.jar:/Users/bishnuprasadpanda/.m2/repository/org/seleniumhq/selenium/selenium-chrome-driver/4.0.0/selenium-chrome-driver-4.0.0.jar:/Users/bishnuprasadpanda/.m2/repository/com/google/auto/service/auto-service-annotations/1.0/auto-service-annotations-1.0.jar:/Users/bishnuprasadpanda/.m2/repository/com/google/auto/service/auto-service/1.0/auto-service-1.0.jar:/Users/bishnuprasadpanda/.m2/repository/com/google/auto/auto-common/1.0/auto-common-1.0.jar:/Users/bishnuprasadpanda/.m2/repository/org/seleniumhq/selenium/selenium-chromium-driver/4.0.0/selenium-chromium-driver-4.0.0.jar:/Users/bishnuprasadpanda/.m2/repository/org/seleniumhq/selenium/selenium-json/4.0.0/selenium-json-4.0.0.jar:/Users/bishnuprasadpanda/.m2/repository/org/seleniumhq/selenium/selenium-devtools-v85/4.0.0/selenium-devtools-v85-4.0.0.jar:/Users/bishnuprasadpanda/.m2/repository/org/seleniumhq/selenium/selenium-devtools-v93/4.0.0/selenium-devtools-v93-4.0.0.jar:/Users/bishnuprasadpanda/.m2/repository/org/seleniumhq/selenium/selenium-devtools-v94/4.0.0/selenium-devtools-v94-4.0.0.jar:/Users/bishnuprasadpanda/.m2/repository/org/seleniumhq/selenium/selenium-devtools-v95/4.0.0/selenium-devtools-v95-4.0.0.jar:/Users/bishnuprasadpanda/.m2/repository/org/seleniumhq/selenium/selenium-edge-driver/4.0.0/selenium-edge-driver-4.0.0.jar:/Users/bishnuprasadpanda/.m2/repository/org/seleniumhq/selenium/selenium-firefox-driver/4.0.0/selenium-firefox-driver-4.0.0.jar:/Users/bishnuprasadpanda/.m2/repository/org/seleniumhq/selenium/selenium-firefox-xpi-driver/4.0.0/selenium-firefox-xpi-driver-4.0.0.jar:/Users/bishnuprasadpanda/.m2/repository/org/seleniumhq/selenium/selenium-ie-driver/4.0.0/selenium-ie-driver-4.0.0.jar:/Users/bishnuprasadpanda/.m2/repository/org/seleniumhq/selenium/selenium-opera-driver/4.0.0/selenium-opera-driver-4.0.0.jar:/Users/bishnuprasadpanda/.m2/repository/org/seleniumhq/selenium/selenium-remote-driver/4.0.0/selenium-remote-driver-4.0.0.jar:/Users/bishnuprasadpanda/.m2/repository/io/netty/netty-buffer/4.1.68.Final/netty-buffer-4.1.68.Final.jar:/Users/bishnuprasadpanda/.m2/repository/io/netty/netty-codec-http/4.1.67.Final/netty-codec-http-4.1.67.Final.jar:/Users/bishnuprasadpanda/.m2/repository/io/netty/netty-codec/4.1.67.Final/netty-codec-4.1.67.Final.jar:/Users/bishnuprasadpanda/.m2/repository/io/netty/netty-handler/4.1.67.Final/netty-handler-4.1.67.Final.jar:/Users/bishnuprasadpanda/.m2/repository/io/netty/netty-common/4.1.68.Final/netty-common-4.1.68.Final.jar:/Users/bishnuprasadpanda/.m2/repository/io/netty/netty-transport-native-epoll/4.1.67.Final/netty-transport-native-epoll-4.1.67.Final.jar:/Users/bishnuprasadpanda/.m2/repository/io/netty/netty-transport-native-kqueue/4.1.67.Final/netty-transport-native-kqueue-4.1.67.Final.jar:/Users/bishnuprasadpanda/.m2/repository/io/netty/netty-transport-native-unix-common/4.1.67.Final/netty-transport-native-unix-common-4.1.67.Final.jar:/Users/bishnuprasadpanda/.m2/repository/io/netty/netty-transport/4.1.68.Final/netty-transport-4.1.68.Final.jar:/Users/bishnuprasadpanda/.m2/repository/io/netty/netty-resolver/4.1.68.Final/netty-resolver-4.1.68.Final.jar:/Users/bishnuprasadpanda/.m2/repository/io/opentelemetry/opentelemetry-api/1.6.0/opentelemetry-api-1.6.0.jar:/Users/bishnuprasadpanda/.m2/repository/io/opentelemetry/opentelemetry-context/1.6.0/opentelemetry-context-1.6.0.jar:/Users/bishnuprasadpanda/.m2/repository/io/opentelemetry/opentelemetry-exporter-logging/1.6.0/opentelemetry-exporter-logging-1.6.0.jar:/Users/bishnuprasadpanda/.m2/repository/io/opentelemetry/opentelemetry-sdk-metrics/1.6.0-alpha/opentelemetry-sdk-metrics-1.6.0-alpha.jar:/Users/bishnuprasadpanda/.m2/repository/io/opentelemetry/opentelemetry-sdk-common/1.6.0/opentelemetry-sdk-common-1.6.0.jar:/Users/bishnuprasadpanda/.m2/repository/io/opentelemetry/opentelemetry-sdk-extension-autoconfigure-spi/1.6.0/opentelemetry-sdk-extension-autoconfigure-spi-1.6.0.jar:/Users/bishnuprasadpanda/.m2/repository/io/opentelemetry/opentelemetry-sdk-extension-autoconfigure/1.6.0-alpha/opentelemetry-sdk-extension-autoconfigure-1.6.0-alpha.jar:/Users/bishnuprasadpanda/.m2/repository/io/opentelemetry/opentelemetry-sdk-trace/1.6.0/opentelemetry-sdk-trace-1.6.0.jar:/Users/bishnuprasadpanda/.m2/repository/io/opentelemetry/opentelemetry-api-metrics/1.6.0-alpha/opentelemetry-api-metrics-1.6.0-alpha.jar:/Users/bishnuprasadpanda/.m2/repository/io/opentelemetry/opentelemetry-sdk/1.6.0/opentelemetry-sdk-1.6.0.jar:/Users/bishnuprasadpanda/.m2/repository/io/opentelemetry/opentelemetry-semconv/1.6.0-alpha/opentelemetry-semconv-1.6.0-alpha.jar:/Users/bishnuprasadpanda/.m2/repository/io/ous/jtoml/2.0.0/jtoml-2.0.0.jar:/Users/bishnuprasadpanda/.m2/repository/net/bytebuddy/byte-buddy/1.11.19/byte-buddy-1.11.19.jar:/Users/bishnuprasadpanda/.m2/repository/org/apache/commons/commons-exec/1.3/commons-exec-1.3.jar:/Users/bishnuprasadpanda/.m2/repository/org/asynchttpclient/async-http-client/2.12.3/async-http-client-2.12.3.jar:/Users/bishnuprasadpanda/.m2/repository/org/asynchttpclient/async-http-client-netty-utils/2.12.3/async-http-client-netty-utils-2.12.3.jar:/Users/bishnuprasadpanda/.m2/repository/io/netty/netty-codec-socks/4.1.60.Final/netty-codec-socks-4.1.60.Final.jar:/Users/bishnuprasadpanda/.m2/repository/io/netty/netty-handler-proxy/4.1.60.Final/netty-handler-proxy-4.1.60.Final.jar:/Users/bishnuprasadpanda/.m2/repository/io/netty/netty-transport-native-epoll/4.1.60.Final/netty-transport-native-epoll-4.1.60.Final-linux-x86_64.jar:/Users/bishnuprasadpanda/.m2/repository/io/netty/netty-transport-native-kqueue/4.1.60.Final/netty-transport-native-kqueue-4.1.60.Final-osx-x86_64.jar:/Users/bishnuprasadpanda/.m2/repository/com/typesafe/netty/netty-reactive-streams/2.0.4/netty-reactive-streams-2.0.4.jar:/Users/bishnuprasadpanda/.m2/repository/org/seleniumhq/selenium/selenium-http/4.0.0/selenium-http-4.0.0.jar:/Users/bishnuprasadpanda/.m2/repository/org/seleniumhq/selenium/selenium-safari-driver/4.0.0/selenium-safari-driver-4.0.0.jar:/Users/bishnuprasadpanda/.m2/repository/org/seleniumhq/selenium/selenium-support/4.0.0/selenium-support-4.0.0.jar:/Users/bishnuprasadpanda/.m2/repository/io/github/bonigarcia/webdrivermanager/4.2.2/webdrivermanager-4.2.2.jar:/Users/bishnuprasadpanda/.m2/repository/org/slf4j/slf4j-api/1.7.30/slf4j-api-1.7.30.jar:/Users/bishnuprasadpanda/.m2/repository/commons-io/commons-io/2.8.0/commons-io-2.8.0.jar:/Users/bishnuprasadpanda/.m2/repository/com/google/code/gson/gson/2.8.6/gson-2.8.6.jar:/Users/bishnuprasadpanda/.m2/repository/org/apache/httpcomponents/client5/httpclient5/5.0.1/httpclient5-5.0.1.jar:/Users/bishnuprasadpanda/.m2/repository/org/apache/httpcomponents/core5/httpcore5/5.0.1/httpcore5-5.0.1.jar:/Users/bishnuprasadpanda/.m2/repository/org/apache/httpcomponents/core5/httpcore5-h2/5.0.1/httpcore5-h2-5.0.1.jar:/Users/bishnuprasadpanda/.m2/repository/org/rauschig/jarchivelib/1.1.0/jarchivelib-1.1.0.jar:/Users/bishnuprasadpanda/.m2/repository/log4j/log4j/1.2.17/log4j-1.2.17.jar:/Users/bishnuprasadpanda/.m2/repository/net/serenity-bdd/serenity-core/2.4.24/serenity-core-2.4.24.jar:/Users/bishnuprasadpanda/.m2/repository/net/serenity-bdd/serenity-model/2.4.24/serenity-model-2.4.24.jar:/Users/bishnuprasadpanda/.m2/repository/commons-net/commons-net/3.6/commons-net-3.6.jar:/Users/bishnuprasadpanda/.m2/repository/com/google/inject/guice/5.0.1/guice-5.0.1.jar:/Users/bishnuprasadpanda/.m2/repository/javax/inject/javax.inject/1/javax.inject-1.jar:/Users/bishnuprasadpanda/.m2/repository/aopalliance/aopalliance/1.0/aopalliance-1.0.jar:/Users/bishnuprasadpanda/.m2/repository/com/thoughtworks/xstream/xstream/1.4.16/xstream-1.4.16.jar:/Users/bishnuprasadpanda/.m2/repository/io/github/x-stream/mxparser/1.2.1/mxparser-1.2.1.jar:/Users/bishnuprasadpanda/.m2/repository/xmlpull/xmlpull/1.1.3.1/xmlpull-1.1.3.1.jar:/Users/bishnuprasadpanda/.m2/repository/com/typesafe/config/1.3.1/config-1.3.1.jar:/Users/bishnuprasadpanda/.m2/repository/org/imgscalr/imgscalr-lib/4.2/imgscalr-lib-4.2.jar:/Users/bishnuprasadpanda/.m2/repository/org/awaitility/awaitility/4.0.3/awaitility-4.0.3.jar:/Users/bishnuprasadpanda/.m2/repository/net/sourceforge/jexcelapi/jxl/2.6.12/jxl-2.6.12.jar:/Users/bishnuprasadpanda/.m2/repository/org/asciidoctor/asciidoctorj/1.5.6/asciidoctorj-1.5.6.jar:/Users/bishnuprasadpanda/.m2/repository/org/jruby/jruby-complete/1.7.26/jruby-complete-1.7.26.jar:/Users/bishnuprasadpanda/.m2/repository/net/bytebuddy/byte-buddy-agent/1.10.10/byte-buddy-agent-1.10.10.jar:/Users/bishnuprasadpanda/.m2/repository/org/objenesis/objenesis/3.1/objenesis-3.1.jar:/Users/bishnuprasadpanda/.m2/repository/net/serenity-bdd/serenity-reports/2.4.24/serenity-reports-2.4.24.jar:/Users/bishnuprasadpanda/.m2/repository/net/serenity-bdd/serenity-stats/2.4.24/serenity-stats-2.4.24.jar:/Users/bishnuprasadpanda/.m2/repository/net/serenity-bdd/serenity-reports-configuration/2.4.24/serenity-reports-configuration-2.4.24.jar:/Users/bishnuprasadpanda/.m2/repository/com/vladsch/flexmark/flexmark-all/0.34.30/flexmark-all-0.34.30.jar:/Users/bishnuprasadpanda/.m2/repository/com/vladsch/flexmark/flexmark/0.34.30/flexmark-0.34.30.jar:/Users/bishnuprasadpanda/.m2/repository/com/vladsch/flexmark/flexmark-ext-abbreviation/0.34.30/flexmark-ext-abbreviation-0.34.30.jar:/Users/bishnuprasadpanda/.m2/repository/com/vladsch/flexmark/flexmark-ext-admonition/0.34.30/flexmark-ext-admonition-0.34.30.jar:/Users/bishnuprasadpanda/.m2/repository/com/vladsch/flexmark/flexmark-ext-anchorlink/0.34.30/flexmark-ext-anchorlink-0.34.30.jar:/Users/bishnuprasadpanda/.m2/repository/com/vladsch/flexmark/flexmark-ext-aside/0.34.30/flexmark-ext-aside-0.34.30.jar:/Users/bishnuprasadpanda/.m2/repository/com/vladsch/flexmark/flexmark-ext-attributes/0.34.30/flexmark-ext-attributes-0.34.30.jar:/Users/bishnuprasadpanda/.m2/repository/com/vladsch/flexmark/flexmark-ext-autolink/0.34.30/flexmark-ext-autolink-0.34.30.jar:/Users/bishnuprasadpanda/.m2/repository/org/nibor/autolink/autolink/0.6.0/autolink-0.6.0.jar:/Users/bishnuprasadpanda/.m2/repository/com/vladsch/flexmark/flexmark-ext-definition/0.34.30/flexmark-ext-definition-0.34.30.jar:/Users/bishnuprasadpanda/.m2/repository/com/vladsch/flexmark/flexmark-ext-emoji/0.34.30/flexmark-ext-emoji-0.34.30.jar:/Users/bishnuprasadpanda/.m2/repository/com/vladsch/flexmark/flexmark-ext-enumerated-reference/0.34.30/flexmark-ext-enumerated-reference-0.34.30.jar:/Users/bishnuprasadpanda/.m2/repository/com/vladsch/flexmark/flexmark-ext-escaped-character/0.34.30/flexmark-ext-escaped-character-0.34.30.jar:/Users/bishnuprasadpanda/.m2/repository/com/vladsch/flexmark/flexmark-ext-footnotes/0.34.30/flexmark-ext-footnotes-0.34.30.jar:/Users/bishnuprasadpanda/.m2/repository/com/vladsch/flexmark/flexmark-ext-gfm-issues/0.34.30/flexmark-ext-gfm-issues-0.34.30.jar:/Users/bishnuprasadpanda/.m2/repository/com/vladsch/flexmark/flexmark-ext-gfm-strikethrough/0.34.30/flexmark-ext-gfm-strikethrough-0.34.30.jar:/Users/bishnuprasadpanda/.m2/repository/com/vladsch/flexmark/flexmark-ext-gfm-tables/0.34.30/flexmark-ext-gfm-tables-0.34.30.jar:/Users/bishnuprasadpanda/.m2/repository/com/vladsch/flexmark/flexmark-ext-gfm-tasklist/0.34.30/flexmark-ext-gfm-tasklist-0.34.30.jar:/Users/bishnuprasadpanda/.m2/repository/com/vladsch/flexmark/flexmark-ext-gfm-users/0.34.30/flexmark-ext-gfm-users-0.34.30.jar:/Users/bishnuprasadpanda/.m2/repository/com/vladsch/flexmark/flexmark-ext-gitlab/0.34.30/flexmark-ext-gitlab-0.34.30.jar:/Users/bishnuprasadpanda/.m2/repository/com/vladsch/flexmark/flexmark-ext-jekyll-front-matter/0.34.30/flexmark-ext-jekyll-front-matter-0.34.30.jar:/Users/bishnuprasadpanda/.m2/repository/com/vladsch/flexmark/flexmark-ext-jekyll-tag/0.34.30/flexmark-ext-jekyll-tag-0.34.30.jar:/Users/bishnuprasadpanda/.m2/repository/com/vladsch/flexmark/flexmark-ext-media-tags/0.34.30/flexmark-ext-media-tags-0.34.30.jar:/Users/bishnuprasadpanda/.m2/repository/com/vladsch/flexmark/flexmark-test-util/0.34.30/flexmark-test-util-0.34.30.jar:/Users/bishnuprasadpanda/.m2/repository/com/vladsch/flexmark/flexmark-ext-ins/0.34.30/flexmark-ext-ins-0.34.30.jar:/Users/bishnuprasadpanda/.m2/repository/com/vladsch/flexmark/flexmark-ext-xwiki-macros/0.34.30/flexmark-ext-xwiki-macros-0.34.30.jar:/Users/bishnuprasadpanda/.m2/repository/com/vladsch/flexmark/flexmark-ext-superscript/0.34.30/flexmark-ext-superscript-0.34.30.jar:/Users/bishnuprasadpanda/.m2/repository/com/vladsch/flexmark/flexmark-ext-tables/0.34.30/flexmark-ext-tables-0.34.30.jar:/Users/bishnuprasadpanda/.m2/repository/com/vladsch/flexmark/flexmark-ext-toc/0.34.30/flexmark-ext-toc-0.34.30.jar:/Users/bishnuprasadpanda/.m2/repository/com/vladsch/flexmark/flexmark-ext-typographic/0.34.30/flexmark-ext-typographic-0.34.30.jar:/Users/bishnuprasadpanda/.m2/repository/com/vladsch/flexmark/flexmark-ext-wikilink/0.34.30/flexmark-ext-wikilink-0.34.30.jar:/Users/bishnuprasadpanda/.m2/repository/com/vladsch/flexmark/flexmark-ext-yaml-front-matter/0.34.30/flexmark-ext-yaml-front-matter-0.34.30.jar:/Users/bishnuprasadpanda/.m2/repository/com/vladsch/flexmark/flexmark-ext-youtube-embedded/0.34.30/flexmark-ext-youtube-embedded-0.34.30.jar:/Users/bishnuprasadpanda/.m2/repository/com/vladsch/flexmark/flexmark-formatter/0.34.30/flexmark-formatter-0.34.30.jar:/Users/bishnuprasadpanda/.m2/repository/com/vladsch/flexmark/flexmark-html-parser/0.34.30/flexmark-html-parser-0.34.30.jar:/Users/bishnuprasadpanda/.m2/repository/com/vladsch/flexmark/flexmark-jira-converter/0.34.30/flexmark-jira-converter-0.34.30.jar:/Users/bishnuprasadpanda/.m2/repository/com/vladsch/flexmark/flexmark-pdf-converter/0.34.30/flexmark-pdf-converter-0.34.30.jar:/Users/bishnuprasadpanda/.m2/repository/com/openhtmltopdf/openhtmltopdf-core/0.0.1-RC13/openhtmltopdf-core-0.0.1-RC13.jar:/Users/bishnuprasadpanda/.m2/repository/com/openhtmltopdf/openhtmltopdf-pdfbox/0.0.1-RC13/openhtmltopdf-pdfbox-0.0.1-RC13.jar:/Users/bishnuprasadpanda/.m2/repository/org/apache/pdfbox/xmpbox/2.0.8/xmpbox-2.0.8.jar:/Users/bishnuprasadpanda/.m2/repository/com/openhtmltopdf/openhtmltopdf-rtl-support/0.0.1-RC13/openhtmltopdf-rtl-support-0.0.1-RC13.jar:/Users/bishnuprasadpanda/.m2/repository/com/ibm/icu/icu4j/59.1/icu4j-59.1.jar:/Users/bishnuprasadpanda/.m2/repository/com/openhtmltopdf/openhtmltopdf-jsoup-dom-converter/0.0.1-RC13/openhtmltopdf-jsoup-dom-converter-0.0.1-RC13.jar:/Users/bishnuprasadpanda/.m2/repository/com/vladsch/flexmark/flexmark-profile-pegdown/0.34.30/flexmark-profile-pegdown-0.34.30.jar:/Users/bishnuprasadpanda/.m2/repository/com/vladsch/flexmark/flexmark-util/0.34.30/flexmark-util-0.34.30.jar:/Users/bishnuprasadpanda/.m2/repository/com/vladsch/flexmark/flexmark-youtrack-converter/0.34.30/flexmark-youtrack-converter-0.34.30.jar:/Users/bishnuprasadpanda/.m2/repository/es/nitaur/markdown/txtmark/0.16/txtmark-0.16.jar:/Users/bishnuprasadpanda/.m2/repository/net/serenity-bdd/serenity-report-resources/2.4.24/serenity-report-resources-2.4.24.jar:/Users/bishnuprasadpanda/.m2/repository/org/seleniumhq/selenium/selenium-server/3.141.59/selenium-server-3.141.59.jar:/Users/bishnuprasadpanda/.m2/repository/net/jcip/jcip-annotations/1.0/jcip-annotations-1.0.jar:/Users/bishnuprasadpanda/.m2/repository/org/seleniumhq/selenium/jetty-repacked/9.4.12.v20180830/jetty-repacked-9.4.12.v20180830.jar:/Users/bishnuprasadpanda/.m2/repository/com/squareup/okhttp3/okhttp/3.11.0/okhttp-3.11.0.jar:/Users/bishnuprasadpanda/.m2/repository/com/squareup/okio/okio/1.14.0/okio-1.14.0.jar:/Users/bishnuprasadpanda/.m2/repository/javax/servlet/javax.servlet-api/3.1.0/javax.servlet-api-3.1.0.jar:/Users/bishnuprasadpanda/.m2/repository/org/yaml/snakeyaml/1.19/snakeyaml-1.19.jar:/Users/bishnuprasadpanda/.m2/repository/net/sourceforge/htmlunit/htmlunit/2.47.1/htmlunit-2.47.1.jar:/Users/bishnuprasadpanda/.m2/repository/xalan/xalan/2.7.2/xalan-2.7.2.jar:/Users/bishnuprasadpanda/.m2/repository/xalan/serializer/2.7.2/serializer-2.7.2.jar:/Users/bishnuprasadpanda/.m2/repository/net/sourceforge/htmlunit/htmlunit-core-js/2.47.0/htmlunit-core-js-2.47.0.jar:/Users/bishnuprasadpanda/.m2/repository/net/sourceforge/htmlunit/neko-htmlunit/2.47.1/neko-htmlunit-2.47.1.jar:/Users/bishnuprasadpanda/.m2/repository/xerces/xercesImpl/2.12.0/xercesImpl-2.12.0.jar:/Users/bishnuprasadpanda/.m2/repository/xml-apis/xml-apis/1.4.01/xml-apis-1.4.01.jar:/Users/bishnuprasadpanda/.m2/repository/net/sourceforge/htmlunit/htmlunit-cssparser/1.7.0/htmlunit-cssparser-1.7.0.jar:/Users/bishnuprasadpanda/.m2/repository/org/brotli/dec/0.1.2/dec-0.1.2.jar:/Users/bishnuprasadpanda/.m2/repository/com/shapesecurity/salvation2/3.0.0/salvation2-3.0.0.jar:/Users/bishnuprasadpanda/.m2/repository/org/eclipse/jetty/websocket/websocket-client/9.4.36.v20210114/websocket-client-9.4.36.v20210114.jar:/Users/bishnuprasadpanda/.m2/repository/org/eclipse/jetty/jetty-client/9.4.36.v20210114/jetty-client-9.4.36.v20210114.jar:/Users/bishnuprasadpanda/.m2/repository/org/eclipse/jetty/jetty-http/9.4.36.v20210114/jetty-http-9.4.36.v20210114.jar:/Users/bishnuprasadpanda/.m2/repository/org/eclipse/jetty/jetty-util/9.4.36.v20210114/jetty-util-9.4.36.v20210114.jar:/Users/bishnuprasadpanda/.m2/repository/org/eclipse/jetty/jetty-io/9.4.36.v20210114/jetty-io-9.4.36.v20210114.jar:/Users/bishnuprasadpanda/.m2/repository/org/eclipse/jetty/websocket/websocket-common/9.4.36.v20210114/websocket-common-9.4.36.v20210114.jar:/Users/bishnuprasadpanda/.m2/repository/org/eclipse/jetty/websocket/websocket-api/9.4.36.v20210114/websocket-api-9.4.36.v20210114.jar:/Users/bishnuprasadpanda/.m2/repository/org/seleniumhq/selenium/htmlunit-driver/2.47.1/htmlunit-driver-2.47.1.jar:/Users/bishnuprasadpanda/.m2/repository/com/codeborne/phantomjsdriver/1.4.4/phantomjsdriver-1.4.4.jar:/Users/bishnuprasadpanda/.m2/repository/io/appium/java-client/7.5.1/java-client-7.5.1.jar:/Users/bishnuprasadpanda/.m2/repository/commons-validator/commons-validator/1.7/commons-validator-1.7.jar:/Users/bishnuprasadpanda/.m2/repository/commons-digester/commons-digester/2.1/commons-digester-2.1.jar:/Users/bishnuprasadpanda/.m2/repository/org/aspectj/aspectjweaver/1.9.6/aspectjweaver-1.9.6.jar:/Users/bishnuprasadpanda/.m2/repository/org/codehaus/groovy/groovy/3.0.8/groovy-3.0.8.jar:/Users/bishnuprasadpanda/.m2/repository/net/sf/opencsv/opencsv/2.0/opencsv-2.0.jar:/Users/bishnuprasadpanda/.m2/repository/commons-beanutils/commons-beanutils/1.9.4/commons-beanutils-1.9.4.jar:/Users/bishnuprasadpanda/.m2/repository/commons-collections/commons-collections/3.2.2/commons-collections-3.2.2.jar:/Users/bishnuprasadpanda/.m2/repository/org/fluentlenium/fluentlenium-core/0.10.2/fluentlenium-core-0.10.2.jar:/Users/bishnuprasadpanda/.m2/repository/com/jhlabs/filters/2.0.235/filters-2.0.235.jar:/Users/bishnuprasadpanda/.m2/repository/com/assertthat/selenium-shutterbug/1.4/selenium-shutterbug-1.4.jar:/Users/bishnuprasadpanda/.m2/repository/com/github/zafarkhaja/java-semver/0.9.0/java-semver-0.9.0.jar:/Users/bishnuprasadpanda/.m2/repository/ru/yandex/qatools/ashot/ashot/1.5.4/ashot-1.5.4.jar:/Users/bishnuprasadpanda/.m2/repository/com/paulhammant/ngwebdriver/1.1.5/ngwebdriver-1.1.5.jar:/Users/bishnuprasadpanda/.m2/repository/joda-time/joda-time/2.8.2/joda-time-2.8.2.jar:/Users/bishnuprasadpanda/.m2/repository/org/hamcrest/hamcrest/2.2/hamcrest-2.2.jar:/Users/bishnuprasadpanda/.m2/repository/com/google/jimfs/jimfs/1.1/jimfs-1.1.jar:/Users/bishnuprasadpanda/.m2/repository/org/mockito/mockito-core/3.3.3/mockito-core-3.3.3.jar:/Users/bishnuprasadpanda/.m2/repository/org/assertj/assertj-core/3.18.0/assertj-core-3.18.0.jar:/Users/bishnuprasadpanda/.m2/repository/javax/xml/bind/jaxb-api/2.3.1/jaxb-api-2.3.1.jar:/Users/bishnuprasadpanda/.m2/repository/javax/activation/javax.activation-api/1.2.0/javax.activation-api-1.2.0.jar:/Users/bishnuprasadpanda/.m2/repository/com/sun/xml/bind/jaxb-core/2.3.0.1/jaxb-core-2.3.0.1.jar:/Users/bishnuprasadpanda/.m2/repository/com/sun/xml/bind/jaxb-impl/2.3.3/jaxb-impl-2.3.3.jar:/Users/bishnuprasadpanda/.m2/repository/jakarta/xml/bind/jakarta.xml.bind-api/2.3.3/jakarta.xml.bind-api-2.3.3.jar:/Users/bishnuprasadpanda/.m2/repository/com/sun/activation/jakarta.activation/1.2.2/jakarta.activation-1.2.2.jar:/Users/bishnuprasadpanda/.m2/repository/javax/activation/activation/1.1.1/activation-1.1.1.jar:/Users/bishnuprasadpanda/.m2/repository/net/serenity-bdd/serenity-junit/2.4.24/serenity-junit-2.4.24.jar:/Users/bishnuprasadpanda/.m2/repository/net/serenity-bdd/serenity-ensure/2.4.24/serenity-ensure-2.4.24.jar:/Users/bishnuprasadpanda/.m2/repository/net/serenity-bdd/serenity-screenplay/2.4.24/serenity-screenplay-2.4.24.jar:/Users/bishnuprasadpanda/.m2/repository/net/serenity-bdd/serenity-screenplay-webdriver/2.4.24/serenity-screenplay-webdriver-2.4.24.jar:/Users/bishnuprasadpanda/.m2/repository/org/jetbrains/kotlin/kotlin-stdlib/1.4.31/kotlin-stdlib-1.4.31.jar:/Users/bishnuprasadpanda/.m2/repository/org/jetbrains/kotlin/kotlin-stdlib-common/1.4.31/kotlin-stdlib-common-1.4.31.jar:/Users/bishnuprasadpanda/.m2/repository/org/jetbrains/annotations/13.0/annotations-13.0.jar:/Users/bishnuprasadpanda/.m2/repository/net/serenity-bdd/serenity-cucumber6/2.4.24/serenity-cucumber6-2.4.24.jar:/Users/bishnuprasadpanda/.m2/repository/io/cucumber/datatable-matchers/3.4.0/datatable-matchers-3.4.0.jar:/Users/bishnuprasadpanda/.m2/repository/commons-logging/commons-logging/1.2/commons-logging-1.2.jar:/Users/bishnuprasadpanda/.m2/repository/org/apache/commons/commons-csv/1.5/commons-csv-1.5.jar:/Users/bishnuprasadpanda/.m2/repository/org/postgresql/postgresql/42.2.17/postgresql-42.2.17.jar:/Users/bishnuprasadpanda/.m2/repository/org/checkerframework/checker-qual/3.5.0/checker-qual-3.5.0.jar:/Users/bishnuprasadpanda/.m2/repository/org/apache/commons/commons-lang3/3.9/commons-lang3-3.9.jar:/Users/bishnuprasadpanda/.m2/repository/com/google/api-client/google-api-client/1.30.9/google-api-client-1.30.9.jar:/Users/bishnuprasadpanda/.m2/repository/com/google/oauth-client/google-oauth-client/1.30.5/google-oauth-client-1.30.5.jar:/Users/bishnuprasadpanda/.m2/repository/com/google/http-client/google-http-client/1.34.0/google-http-client-1.34.0.jar:/Users/bishnuprasadpanda/.m2/repository/io/opencensus/opencensus-api/0.24.0/opencensus-api-0.24.0.jar:/Users/bishnuprasadpanda/.m2/repository/io/grpc/grpc-context/1.22.1/grpc-context-1.22.1.jar:/Users/bishnuprasadpanda/.m2/repository/io/opencensus/opencensus-contrib-http-util/0.24.0/opencensus-contrib-http-util-0.24.0.jar:/Users/bishnuprasadpanda/.m2/repository/com/google/http-client/google-http-client-jackson2/1.34.2/google-http-client-jackson2-1.34.2.jar:/Users/bishnuprasadpanda/.m2/repository/com/fasterxml/jackson/core/jackson-core/2.10.2/jackson-core-2.10.2.jar:/Users/bishnuprasadpanda/.m2/repository/com/google/oauth-client/google-oauth-client-jetty/1.30.6/google-oauth-client-jetty-1.30.6.jar:/Users/bishnuprasadpanda/.m2/repository/com/google/oauth-client/google-oauth-client-java6/1.30.6/google-oauth-client-java6-1.30.6.jar:/Users/bishnuprasadpanda/.m2/repository/com/google/apis/google-api-services-gmail/v1-rev110-1.25.0/google-api-services-gmail-v1-rev110-1.25.0.jar:/Users/bishnuprasadpanda/.m2/repository/javax/mail/javax.mail-api/1.6.2/javax.mail-api-1.6.2.jar:/Users/bishnuprasadpanda/.m2/repository/org/jsoup/jsoup/1.13.1/jsoup-1.13.1.jar:/Users/bishnuprasadpanda/.m2/repository/io/rest-assured/rest-assured/4.3.0/rest-assured-4.3.0.jar:/Users/bishnuprasadpanda/.m2/repository/org/codehaus/groovy/groovy-xml/3.0.2/groovy-xml-3.0.2.jar:/Users/bishnuprasadpanda/.m2/repository/org/apache/httpcomponents/httpclient/4.5.3/httpclient-4.5.3.jar:/Users/bishnuprasadpanda/.m2/repository/org/apache/httpcomponents/httpcore/4.4.6/httpcore-4.4.6.jar:/Users/bishnuprasadpanda/.m2/repository/org/apache/httpcomponents/httpmime/4.5.3/httpmime-4.5.3.jar:/Users/bishnuprasadpanda/.m2/repository/org/ccil/cowan/tagsoup/tagsoup/1.2.1/tagsoup-1.2.1.jar:/Users/bishnuprasadpanda/.m2/repository/io/rest-assured/json-path/4.3.0/json-path-4.3.0.jar:/Users/bishnuprasadpanda/.m2/repository/org/codehaus/groovy/groovy-json/3.0.2/groovy-json-3.0.2.jar:/Users/bishnuprasadpanda/.m2/repository/io/rest-assured/xml-path/4.3.0/xml-path-4.3.0.jar:/Users/bishnuprasadpanda/.m2/repository/com/sun/xml/bind/jaxb-osgi/2.3.0.1/jaxb-osgi-2.3.0.1.jar:/Users/bishnuprasadpanda/.m2/repository/org/apache/sling/org.apache.sling.javax.activation/0.1.0/org.apache.sling.javax.activation-0.1.0.jar:/Users/bishnuprasadpanda/.m2/repository/io/rest-assured/rest-assured-common/4.3.0/rest-assured-common-4.3.0.jar:/Users/bishnuprasadpanda/.m2/repository/org/jboss/aerogear/aerogear-otp-java/1.0.0/aerogear-otp-java-1.0.0.jar:/Users/bishnuprasadpanda/.m2/repository/com/google/guava/guava/24.0-jre/guava-24.0-jre.jar:/Users/bishnuprasadpanda/.m2/repository/com/google/code/findbugs/jsr305/1.3.9/jsr305-1.3.9.jar:/Users/bishnuprasadpanda/.m2/repository/org/checkerframework/checker-compat-qual/2.0.0/checker-compat-qual-2.0.0.jar:/Users/bishnuprasadpanda/.m2/repository/com/google/errorprone/error_prone_annotations/2.1.3/error_prone_annotations-2.1.3.jar:/Users/bishnuprasadpanda/.m2/repository/com/google/j2objc/j2objc-annotations/1.1/j2objc-annotations-1.1.jar:/Users/bishnuprasadpanda/.m2/repository/org/codehaus/mojo/animal-sniffer-annotations/1.14/animal-sniffer-annotations-1.14.jar:/Users/bishnuprasadpanda/.m2/repository/com/opencsv/opencsv/5.6/opencsv-5.6.jar:/Users/bishnuprasadpanda/.m2/repository/org/apache/commons/commons-text/1.9/commons-text-1.9.jar:/Users/bishnuprasadpanda/.m2/repository/org/projectlombok/lombok/1.18.22/lombok-1.18.22.jar:"/>
    <property name="sun.cpu.endian" value="little"/>
    <property name="user.home" value="/Users/bishnuprasadpanda"/>
    <property name="user.language" value="en"/>
    <property name="java.specification.vendor" value="Oracle Corporation"/>
    <property name="java.version.date" value="2021-04-20"/>
    <property name="java.home" value="/usr/local/Cellar/openjdk/16.0.1/libexec/openjdk.jdk/Contents/Home"/>
    <property name="file.separator" value="/"/>
    <property name="basedir" value="/Users/bishnuprasadpanda/Documents/SCVenture/SCV_UIAutomation"/>
    <property name="java.vm.compressedOopsMode" value="Zero based"/>
    <property name="line.separator" value="&#10;"/>
    <property name="java.specification.name" value="Java Platform API Specification"/>
    <property name="java.vm.specification.vendor" value="Oracle Corporation"/>
    <property name="surefire.real.class.path" value="/Users/bishnuprasadpanda/Documents/SCVenture/SCV_UIAutomation/target/surefire/surefirebooter5788730566061496703.jar"/>
    <property name="sun.management.compiler" value="HotSpot 64-Bit Tiered Compilers"/>
    <property name="ftp.nonProxyHosts" value="local|*.local|169.254/16|*.169.254/16"/>
    <property name="java.runtime.version" value="16.0.1+0"/>
    <property name="user.name" value="bishnuprasadpanda"/>
    <property name="path.separator" value=":"/>
    <property name="os.version" value="11.4"/>
    <property name="java.runtime.name" value="OpenJDK Runtime Environment"/>
    <property name="file.encoding" value="UTF-8"/>
    <property name="java.vm.name" value="OpenJDK 64-Bit Server VM"/>
    <property name="java.vendor.version" value="Homebrew"/>
    <property name="localRepository" value="/Users/bishnuprasadpanda/.m2/repository"/>
    <property name="java.vendor.url.bug" value="https://github.com/Homebrew/homebrew-core/issues"/>
    <property name="java.io.tmpdir" value="/var/folders/7g/yw7gd6ss7rv_crjkgkmsdgph0000gn/T/"/>
    <property name="java.version" value="16.0.1"/>
    <property name="user.dir" value="/Users/bishnuprasadpanda/Documents/SCVenture/SCV_UIAutomation"/>
    <property name="os.arch" value="x86_64"/>
    <property name="java.vm.specification.name" value="Java Virtual Machine Specification"/>
    <property name="java.library.path" value="/Users/bishnuprasadpanda/Library/Java/Extensions:/Library/Java/Extensions:/Network/Library/Java/Extensions:/System/Library/Java/Extensions:/usr/lib/java:."/>
    <property name="java.vm.info" value="mixed mode, sharing"/>
    <property name="java.vendor" value="Homebrew"/>
    <property name="java.vm.version" value="16.0.1+0"/>
    <property name="sun.io.unicode.encoding" value="UnicodeBig"/>
    <property name="socksNonProxyHosts" value="local|*.local|169.254/16|*.169.254/16"/>
    <property name="java.class.version" value="60.0"/>
  </properties>
</testsuite>